<?xml version="1.0" encoding="UTF-8"?>
<testsuites name="Mocha Tests" time="6.484" tests="1" failures="0">
  <testsuite name="Root Suite" timestamp="2024-08-20T18:36:07" tests="0" file="cypress/e2e/RadiobuttonAndCheckbox.cy.js" time="0.000" failures="0">
  </testsuite>
  <testsuite name="Radio and Checkbox" timestamp="2024-08-20T18:36:07" tests="1" time="6.475" failures="0">
    <testcase name="Radio and Checkbox checking radio buttons" time="4.174" classname="checking radio buttons">
    </testcase>
  </testsuite>
</testsuites>